<?xml version="1.0" encoding="UTF-8"?>
<!-- Generated by org.testng.reporters.JUnitXMLReporter -->
<testsuite ignored="0" hostname="MJ0AKW9S" failures="0" tests="18" name="chrometest" time="117.919" errors="0" timestamp="2021-08-30T15:24:57 CDT">
  <testcase classname="com.EchoPark.TestCases.TC_LoginTest0001" name="loginTest_NoUname" time="12.805"/>
  <testcase classname="com.EchoPark.TestCases.TC_LoginTest0001" name="loginTest_NoPwd" time="2.849"/>
  <testcase classname="com.EchoPark.TestCases.TC_LoginTest0001" name="loginTest_InvalidUname" time="2.935"/>
  <testcase classname="com.EchoPark.TestCases.TC_LoginTest0001" name="loginTest_InvalidIdPwd" time="1.454"/>
  <testcase classname="com.EchoPark.TestCases.TC_LoginTest0001" name="loginTest_loginFrameVerbiage" time="0.512"/>
  <testcase classname="com.EchoPark.TestCases.TC_LoginTest0001" name="loginTest_loginFrameFoot" time="0.585"/>
  <testcase classname="com.EchoPark.TestCases.TC_LoginTest0001" name="loginTest_Happypath" time="5.852"/>
  <testcase classname="com.EchoPark.TestCases.TC_LoginTest0001" name="LoginTest_ForgotPwd" time="1.187"/>
  <testcase classname="com.EchoPark.TestCases.TC_LoginTest0001" name="RestPwd_EmailValidation" time="4.95"/>
  <testcase classname="com.EchoPark.TestCases.TC_LoginTest0001" name="Login_ContactNum_Validation" time="8.705"/>
  <testcase classname="com.EchoPark.TestCases.TC_LoginTest0001" name="LoginTest_Validate_PhNumber" time="0.505"/>
  <testcase classname="com.EchoPark.TestCases.TC_LoginTest0001" name="LoginTest_WeekInfo_Banner" time="0.498"/>
  <testcase classname="com.EchoPark.TestCases.TC_LoginTest0001" name="LoginTest_TimingInfo_Banner" time="0.569"/>
  <testcase classname="com.EchoPark.TestCases.TC_LoginTest0001" name="ForgotPwd_ValidEmail_validatation" time="2.408"/>
  <testcase classname="com.EchoPark.TestCases.TC_LoginTest0001" name="LoginTest_InvalidPwd" time="50.158"/>
  <testcase classname="com.EchoPark.TestCases.TC_LoginTest0001" name="ResetPwdLink_Mailtrap" time="15.349"/>
  <testcase classname="com.EchoPark.TestCases.TC_LoginTest0001" name="LoginPage_logo_comparison" time="3.283"/>
  <testcase classname="com.EchoPark.TestCases.TC_LoginTest0001" name="LoginPage_ContactUS_Email" time="0.579"/>
</testsuite> <!-- chrometest -->
